
# Region: 0 Score: 69.39752960205078
84254, 89771, 605
88870, 505115, 605
84254, 89742, 605
20344, 88822, 605
89559, 84254, 605
21423, 89737, 605
88879, 88919, 605
88743, 88876, 605
84254, 84253, 605
42027, 84002, 605
88876, 88907, 605
84002, 186819, 605
88876, 88903, 605
42027, 20344, 605
48552, 88822, 605
84254, 88903, 605
88884, 505115, 605
88822, 371810, 605
42027, 115639, 605
88822, 144593, 605
42027, 186819, 605
88822, 89767, 605
88822, 485421, 605
88822, 88893, 605
88870, 88743, 605
42027, 89761, 605
355868, 88873, 605
355868, 88870, 605
88923, 88814, 605
88884, 20344, 605
88884, 20351, 605
115547, 88879, 605
115547, 88884, 605
84002, 115639, 605
84254, 92361, 605
88879, 20344, 605
84002, 115667, 605
88743, 21423, 605
84002, 89761, 605
84201, 84002, 605
88884, 115639, 605
84002, 89772, 605
88873, 88907, 605
88884, 140945, 605
88873, 88930, 605
88884, 115640, 605
88884, 88923, 605
88873, 89772, 605
88884, 42013, 605
88884, 186819, 605
88870, 89761, 605

# Region: 1 Score: 98.59494018554688
72219, 72377, 518
72219, 93436, 518
72219, 19956, 518
93460, 12197, 518
93460, 12198, 518
93460, 12201, 518
72219, 31731, 518
98661, 98610, 518
72219, 93460, 518
72219, 21556, 518
98661, 98609, 518
72219, 141837, 518
72219, 12201, 518
72219, 12197, 518
72219, 12440, 518
72219, 72372, 518
72219, 40760, 518
72219, 98611, 518
72267, 98661, 518
72219, 72374, 518
72219, 72311, 518
72219, 72385, 518
31731, 72311, 518
72267, 12197, 518
72219, 382441, 518
41532, 72313, 518
72311, 29386, 518
72219, 72317, 518
72219, 510735, 518
72219, 93449, 518
72267, 136166, 518
72219, 72369, 518
98611, 72313, 518
72267, 72311, 518
72219, 72316, 518
21556, 31731, 518
72219, 72368, 518
136205, 98661, 518
21556, 41532, 518
72219, 98661, 518
41532, 72311, 518
72219, 136206, 518
21556, 136205, 518
72219, 29386, 518
21556, 72267, 518
72219, 72367, 518
72219, 72254, 518
72219, 72377, 519
72219, 93436, 519
72219, 19956, 519
93460, 12197, 519
93460, 12198, 519
93460, 12201, 519
72219, 31731, 519
98661, 98610, 519
72219, 93460, 519
72219, 21556, 519
98661, 98609, 519
72219, 141837, 519
72219, 12201, 519
72219, 12197, 519
72219, 12440, 519
72219, 72372, 519
72219, 40760, 519
72219, 98611, 519
72267, 98661, 519
72219, 72374, 519
72219, 72311, 519
72219, 72385, 519
31731, 72311, 519
72267, 12197, 519
72219, 382441, 519
41532, 72313, 519
72311, 29386, 519
72219, 72317, 519
72219, 510735, 519
72219, 93449, 519
72267, 136166, 519
72219, 72369, 519
98611, 72313, 519
72267, 72311, 519
72219, 72316, 519
21556, 31731, 519
72219, 72368, 519
136205, 98661, 519
21556, 41532, 519
72219, 98661, 519
41532, 72311, 519
72219, 136206, 519
21556, 136205, 519
72219, 29386, 519
21556, 72267, 519
72219, 72367, 519
72219, 72254, 519

# Region: 2 Score: 25.880638122558594
84270, 84239, 513
84372, 61572, 513
20342, 83997, 513
20342, 268212, 513
268212, 61572, 513
20342, 58557, 513
20342, 84270, 513
83997, 144547, 513
20350, 88752, 513
20350, 61572, 513
42027, 268212, 513
83997, 65190, 513
262579, 268212, 513
42027, 144547, 513
20350, 262579, 513
20342, 144547, 513
20350, 268212, 513
20350, 84004, 513

# Region: 3 Score: 22.922060012817383
84270, 88905, 510
84270, 88913, 510
29394, 84270, 510
84078, 29394, 510
94173, 84270, 510
84178, 84056, 510
84270, 217334, 510
83997, 268208, 510
29394, 84056, 510
151351, 83997, 510
84078, 84178, 510
84078, 94173, 510
88905, 151351, 510
88905, 34921, 510
83997, 34921, 510
84270, 151364, 510
84270, 144591, 510
84270, 88905, 511
84270, 88913, 511
29394, 84270, 511
84078, 29394, 511
94173, 84270, 511
84178, 84056, 511
84270, 217334, 511
83997, 268208, 511
29394, 84056, 511
151351, 83997, 511
84078, 84178, 511
84078, 94173, 511
88905, 151351, 511
88905, 34921, 511
83997, 34921, 511
84270, 151364, 511
84270, 144591, 511

# Region: 4 Score: 24.58329963684082
44672, 2429, 308
44672, 1796, 308
44672, 1817, 308
44672, 2438, 308
44672, 82652, 308
1718, 964494, 308
1718, 290161, 308
44672, 964494, 308
44672, 1718, 308
44672, 2090, 308
44672, 82357, 308
44672, 82356, 308
44672, 290161, 308
44672, 1831, 308
44672, 1818, 308

# Region: 5 Score: 7.875101089477539
84270, 84250, 592
84250, 1027303, 592
84270, 527390, 592
84270, 754106, 592
84270, 330276, 592
84270, 355707, 592
29394, 84056, 592
151330, 84056, 592
84270, 217218, 592
84270, 217330, 592
48552, 236449, 592
84250, 84067, 592
84250, 236449, 592
84270, 151330, 592
29974, 84270, 592
84270, 92544, 592
84270, 144578, 592
84270, 144591, 592

# Region: 6 Score: 11.830005645751953
42027, 144547, 141
20342, 58557, 141
20342, 144547, 141
20342, 268213, 141
42027, 144547, 142
20342, 58557, 142
20342, 144547, 142
20342, 268213, 142

# Region: 7 Score: 10.047157287597656
72267, 12192, 105
72267, 136166, 105
72265, 102331, 105
72265, 77997, 105
72269, 72267, 105
12192, 72265, 105

# Region: 8 Score: 9.040903091430664
84002, 89761, 584
84002, 88983, 584
84201, 84002, 584
84002, 186819, 584
84066, 84002, 584
84002, 416409, 584
84002, 378246, 584
84002, 115639, 584

# Region: 9 Score: 8.79392147064209
20342, 84251, 502
20342, 83997, 502
84251, 58557, 502
20342, 58557, 502
20342, 84270, 502
84251, 84056, 502
84270, 151374, 502
84078, 84251, 502
84251, 83997, 502

# Region: 10 Score: 14.458233833312988
84251, 58557, 131
84251, 144547, 131
84251, 84056, 131
83997, 144547, 131
84251, 268208, 131
84078, 84251, 131
83997, 268208, 131
84251, 268213, 131
151351, 83997, 131
84251, 83997, 131
84251, 151351, 131
84251, 58557, 132
84251, 144547, 132
84251, 84056, 132
83997, 144547, 132
84251, 268208, 132
84078, 84251, 132
83997, 268208, 132
84251, 268213, 132
151351, 83997, 132
84251, 83997, 132
84251, 151351, 132

# Region: 11 Score: 7.01072883605957
84250, 1027303, 593
84250, 83997, 593
84250, 84067, 593
70280, 83997, 593
70280, 84113, 593
84250, 236449, 593
70280, 84067, 593
83997, 144510, 593
70280, 236449, 593

# Region: 12 Score: 5.586805820465088
88876, 88907, 605
84002, 186819, 605
88870, 88743, 605
88879, 20344, 605
84002, 89761, 605
88884, 20344, 605
84002, 89772, 605
88873, 88907, 605
88743, 88876, 605
88873, 89772, 605
88884, 186819, 605
84002, 115639, 605
88870, 89761, 605
88876, 88907, 606
84002, 186819, 606
88870, 88743, 606
88879, 20344, 606
84002, 89761, 606
88884, 20344, 606
84002, 89772, 606
88873, 88907, 606
88743, 88876, 606
88873, 89772, 606
88884, 186819, 606
84002, 115639, 606
88870, 89761, 606

# Region: 13 Score: 9.098719596862793
72219, 93460, 381
64, 72277, 381
70910, 72279, 381
72279, 93460, 381
72219, 72368, 381
72219, 136206, 381
72279, 136206, 381
72219, 72277, 381

# Region: 14 Score: 8.293994903564453
63724, 59103, 622
63724, 26920, 622
63724, 63723, 622
4799, 17945, 622
9306, 20180, 622
9306, 17945, 622
63724, 9306, 622
9306, 15579, 622
4799, 9306, 622

# Region: 15 Score: 14.659680366516113
6934, 9475, 537
6934, 14799, 537
6934, 15624, 537
6934, 9475, 538
6934, 14799, 538
6934, 15624, 538
6934, 9475, 539
6934, 14799, 539
6934, 15624, 539
6934, 9475, 540
6934, 14799, 540
6934, 15624, 540
6934, 9475, 541
6934, 14799, 541
6934, 15624, 541

# Region: 16 Score: 7.561986923217773
63724, 187313, 392
28056, 63724, 392
63724, 63879, 392

# Region: 17 Score: 3.8915627002716064
44672, 82306, 662
44672, 290161, 662
44672, 2433, 662
44672, 118599, 662
44672, 2495, 662
44672, 118352, 662
83725, 118352, 662
44672, 2093, 662

# Region: 18 Score: 12.912392616271973
4632, 15412, 690
4632, 15406, 690
4632, 15308, 690
15393, 4632, 690
4632, 9795, 690
4632, 15412, 691
4632, 15406, 691
4632, 15308, 691
15393, 4632, 691
4632, 9795, 691

# Region: 19 Score: 6.002508640289307
72269, 98636, 233
98636, 72372, 233
72219, 93436, 233
72219, 72372, 233
72219, 98636, 233
72219, 72317, 233
72219, 71422, 233
72219, 136156, 233
72219, 72367, 233

# Region: 20 Score: 5.883182525634766
6934, 9475, 532
6934, 14799, 532
6934, 15624, 532
6934, 16230, 532
16230, 15624, 532
16230, 9475, 532

# Region: 21 Score: 10.105037689208984
85435, 597582, 683
540181, 85435, 683
85435, 11568, 683
85435, 85392, 683
85435, 540182, 683
85435, 597582, 684
540181, 85435, 684
85435, 11568, 684
85435, 85392, 684
85435, 540182, 684

# Region: 22 Score: 5.123028755187988
84239, 84069, 470
29393, 84069, 470

# Region: 23 Score: 4.800539970397949
262579, 268212, 513
268212, 61572, 513
20350, 262579, 513
20350, 268212, 513
20350, 61572, 513
42027, 268212, 513
20350, 84004, 513
262579, 268212, 514
268212, 61572, 514
20350, 262579, 514
20350, 268212, 514
20350, 61572, 514
42027, 268212, 514
20350, 84004, 514

# Region: 24 Score: 3.855292797088623
72219, 72369, 409
72219, 127416, 409
72219, 1410822, 409
72219, 127321, 409
72219, 354138, 409

# Region: 25 Score: 4.655096054077148
16142, 16354, 290
16659, 16218, 290
16659, 16142, 290

# Region: 26 Score: 8.064825057983398
16142, 16354, 223
16142, 11678, 223
8654, 11678, 223
16142, 16354, 224
16142, 11678, 224
8654, 11678, 224
16142, 16354, 225
16142, 11678, 225
8654, 11678, 225

# Region: 27 Score: 4.479344367980957
28622, 29297, 139
28532, 29297, 139
28150, 29297, 139
28159, 29297, 139

# Region: 28 Score: 4.268777847290039
11654, 11645, 625
11654, 11652, 625
11654, 6288, 625
26971, 6288, 625

# Region: 29 Score: 4.123028755187988
11605, 28914, 348
11605, 33862, 348

# Region: 30 Score: 3.838923454284668
84002, 186819, 604
88884, 115639, 604
115547, 88879, 604
115547, 88884, 604
88884, 186819, 604
84002, 115639, 604

# Region: 31 Score: 3.827267646789551
11654, 191800, 629
11654, 19779, 629
11654, 6288, 629
11654, 78319, 629
